SF:lib/src/info/infra/info_service.dart
DA:7,1
DA:8,1
DA:11,1
DA:12,1
LF:4
LH:4
end_of_record
SF:lib/src/info/state/readers.dart
DA:8,1
DA:10,1
DA:11,4
LF:3
LH:3
end_of_record
SF:lib/src/info/ui/info_page.dart
DA:6,6
DA:8,2
DA:10,4
DA:11,2
DA:13,2
DA:14,4
DA:15,4
DA:21,2
DA:22,2
DA:23,2
DA:24,2
DA:25,2
DA:26,2
DA:29,4
DA:31,2
DA:34,4
DA:36,2
DA:39,4
DA:41,2
DA:44,4
DA:46,2
DA:49,4
DA:51,2
DA:54,4
LF:24
LH:24
end_of_record
SF:lib/src/shared/state/observers.dart
DA:7,1
DA:13,1
DA:14,3
DA:19,1
DA:26,3
DA:27,1
DA:28,3
DA:33,1
DA:38,1
DA:39,3
LF:10
LH:10
end_of_record
SF:lib/src/shared/ui/app.dart
DA:5,1
DA:7,1
DA:9,1
DA:13,1
DA:15,1
DA:19,1
DA:21,1
LF:7
LH:7
end_of_record
